#
# There is insufficient memory for the Java Runtime Environment to continue.
# Native memory allocation (mmap) failed to map 65536 bytes for Failed to commit metaspace.
# Possible reasons:
#   The system is out of physical RAM or swap space
#   The process is running with CompressedOops enabled, and the Java Heap may be blocking the growth of the native heap
# Possible solutions:
#   Reduce memory load on the system
#   Increase physical memory or swap space
#   Check if swap backing store is full
#   Decrease Java heap size (-Xmx/-Xms)
#   Decrease number of Java threads
#   Decrease Java thread stack sizes (-Xss)
#   Set larger code cache with -XX:ReservedCodeCacheSize=
#   JVM is running with Unscaled Compressed Oops mode in which the Java heap is
#     placed in the first 4GB address space. The Java Heap base address is the
#     maximum limit for the native heap growth. Please use -XX:HeapBaseMinAddress
#     to set the Java Heap base and to place the Java Heap above 4GB virtual address.
# This output file may be truncated or incomplete.
#
#  Out of Memory Error (virtualSpaceNode.cpp:110), pid=3512, tid=428
#
# JRE version: Java(TM) SE Runtime Environment (17.0.10+11) (build 17.0.10+11-LTS-240)
# Java VM: Java HotSpot(TM) 64-Bit Server VM (17.0.10+11-LTS-240, mixed mode, sharing, tiered, compressed oops, compressed class ptrs, g1 gc, windows-amd64)
# No core dump will be written. Minidumps are not enabled by default on client versions of Windows
#

---------------  S U M M A R Y ------------

Command Line: -Dfile.encoding=utf8 c:\Users\kalep\.vscode\extensions\vscjava.vscode-gradle-3.13.5\lib\gradle-language-server.jar

Host: Intel(R) Pentium(R) CPU B960 @ 2.20GHz, 2 cores, 5G,  Windows 10 , 64 bit Build 19041 (10.0.19041.3636)
Time: Mon Jun 10 12:28:48 2024 India Standard Time elapsed time: 2.898722 seconds (0d 0h 0m 2s)

---------------  T H R E A D  ---------------

Current thread (0x0000025f07af50e0):  JavaThread "main" [_thread_in_vm, id=428, stack(0x000000f9d9a00000,0x000000f9d9b00000)]

Stack: [0x000000f9d9a00000,0x000000f9d9b00000]
Native frames: (J=compiled Java code, j=interpreted, Vv=VM code, C=native code)
V  [jvm.dll+0x677a5a]
V  [jvm.dll+0x7d8b2d]
V  [jvm.dll+0x7da48e]
V  [jvm.dll+0x7daaf3]
V  [jvm.dll+0x2455ff]
V  [jvm.dll+0x7d483b]
V  [jvm.dll+0x61dc06]
V  [jvm.dll+0x1bfa87]
V  [jvm.dll+0x620570]
V  [jvm.dll+0x61e5c6]
V  [jvm.dll+0x242fcc]
V  [jvm.dll+0x6ce48d]
V  [jvm.dll+0x6cee8f]
V  [jvm.dll+0x36e7e5]
V  [jvm.dll+0x36d894]
V  [jvm.dll+0x36d838]
V  [jvm.dll+0x37d64a]
C  0x0000025f168fb434

Java frames: (J=compiled Java code, j=interpreted, Vv=VM code)
j  com.microsoft.gradle.handlers.MavenIndexCompletionHandler.<init>()V+31
j  com.microsoft.gradle.GradleServices.<init>()V+101
j  com.microsoft.gradle.GradleLanguageServer.<init>()V+9
j  com.microsoft.gradle.GradleLanguageServer.main([Ljava/lang/String;)V+4
v  ~StubRoutines::call_stub

---------------  P R O C E S S  ---------------

Threads class SMR info:
_java_thread_list=0x0000025f23b56460, length=12, elements={
0x0000025f07af50e0, 0x0000025f07bc72e0, 0x0000025f07bc8070, 0x0000025f23ab52e0,
0x0000025f23ab5ea0, 0x0000025f23ab8970, 0x0000025f23abb340, 0x0000025f23abc030,
0x0000025f23b1a5a0, 0x0000025f23b25bc0, 0x0000025f23b7dde0, 0x0000025f23b7e550
}

Java Threads: ( => current thread )
=>0x0000025f07af50e0 JavaThread "main" [_thread_in_vm, id=428, stack(0x000000f9d9a00000,0x000000f9d9b00000)]
  0x0000025f07bc72e0 JavaThread "Reference Handler" daemon [_thread_blocked, id=112, stack(0x000000f9da200000,0x000000f9da300000)]
  0x0000025f07bc8070 JavaThread "Finalizer" daemon [_thread_blocked, id=620, stack(0x000000f9da300000,0x000000f9da400000)]
  0x0000025f23ab52e0 JavaThread "Signal Dispatcher" daemon [_thread_blocked, id=7568, stack(0x000000f9da400000,0x000000f9da500000)]
  0x0000025f23ab5ea0 JavaThread "Attach Listener" daemon [_thread_blocked, id=728, stack(0x000000f9da500000,0x000000f9da600000)]
  0x0000025f23ab8970 JavaThread "Service Thread" daemon [_thread_blocked, id=11104, stack(0x000000f9da600000,0x000000f9da700000)]
  0x0000025f23abb340 JavaThread "Monitor Deflation Thread" daemon [_thread_blocked, id=4976, stack(0x000000f9da700000,0x000000f9da800000)]
  0x0000025f23abc030 JavaThread "C2 CompilerThread0" daemon [_thread_blocked, id=608, stack(0x000000f9da800000,0x000000f9da900000)]
  0x0000025f23b1a5a0 JavaThread "C1 CompilerThread0" daemon [_thread_blocked, id=1356, stack(0x000000f9da900000,0x000000f9daa00000)]
  0x0000025f23b25bc0 JavaThread "Sweeper thread" daemon [_thread_blocked, id=10476, stack(0x000000f9daa00000,0x000000f9dab00000)]
  0x0000025f23b7dde0 JavaThread "Notification Thread" daemon [_thread_blocked, id=8252, stack(0x000000f9dab00000,0x000000f9dac00000)]
  0x0000025f23b7e550 JavaThread "Common-Cleaner" daemon [_thread_blocked, id=4848, stack(0x000000f9dad00000,0x000000f9dae00000)]

Other Threads:
  0x0000025f07bc6580 VMThread "VM Thread" [stack: 0x000000f9da100000,0x000000f9da200000] [id=2476]
  0x0000025f23b7e2c0 WatcherThread [stack: 0x000000f9dac00000,0x000000f9dad00000] [id=10544]
  0x0000025f07b3f7f0 GCTaskThread "GC Thread#0" [stack: 0x000000f9d9c00000,0x000000f9d9d00000] [id=4788]
  0x0000025f6993c0f0 GCTaskThread "GC Thread#1" [stack: 0x000000f9dae00000,0x000000f9daf00000] [id=788]
  0x0000025f07b4c280 ConcurrentGCThread "G1 Main Marker" [stack: 0x000000f9d9d00000,0x000000f9d9e00000] [id=4556]
  0x0000025f07b4cc90 ConcurrentGCThread "G1 Conc#0" [stack: 0x000000f9d9e00000,0x000000f9d9f00000] [id=7684]
  0x0000025f07ba5600 ConcurrentGCThread "G1 Refine#0" [stack: 0x000000f9d9f00000,0x000000f9da000000] [id=6088]
  0x0000025f07ba6030 ConcurrentGCThread "G1 Service" [stack: 0x000000f9da000000,0x000000f9da100000] [id=9196]

Threads with active compile tasks:

VM state: not at safepoint (normal execution)

VM Mutex/Monitor currently owned by a thread:  ([mutex/lock_event])
[0x0000025f07aed4b0] Metaspace_lock - owner thread: 0x0000025f07af50e0

Heap address: 0x00000000a2600000, size: 1498 MB, Compressed Oops mode: 32-bit

CDS archive(s) mapped at: [0x0000025f24000000-0x0000025f24bd0000-0x0000025f24bd0000), size 12386304, SharedBaseAddress: 0x0000025f24000000, ArchiveRelocationMode: 1.
Compressed class space mapped at: 0x0000025f25000000-0x0000025f65000000, reserved size: 1073741824
Narrow klass base: 0x0000025f24000000, Narrow klass shift: 0, Narrow klass range: 0x100000000

GC Precious Log:
 CPUs: 2 total, 2 available
 Memory: 5989M
 Large Page Support: Disabled
 NUMA Support: Disabled
 Compressed Oops: Enabled (32-bit)
 Heap Region Size: 1M
 Heap Min Capacity: 8M
 Heap Initial Capacity: 94M
 Heap Max Capacity: 1498M
 Pre-touch: Disabled
 Parallel Workers: 2
 Concurrent Workers: 1
 Concurrent Refinement Workers: 2
 Periodic GC: Disabled

Heap:
 garbage-first heap   total 96256K, used 2910K [0x00000000a2600000, 0x0000000100000000)
  region size 1024K, 2 young (2048K), 1 survivors (1024K)
 Metaspace       used 3180K, committed 3264K, reserved 1114112K
  class space    used 329K, committed 384K, reserved 1048576K

Heap Regions: E=young(eden), S=young(survivor), O=old, HS=humongous(starts), HC=humongous(continues), CS=collection set, F=free, OA=open archive, CA=closed archive, TAMS=top-at-mark-start (previous, next)
|   0|0x00000000a2600000, 0x00000000a2700000, 0x00000000a2700000|100%|HS|  |TAMS 0x00000000a2600000, 0x00000000a2600000| Complete 
|   1|0x00000000a2700000, 0x00000000a27d7800, 0x00000000a2800000| 84%| O|  |TAMS 0x00000000a2700000, 0x00000000a2700000| Untracked 
|   2|0x00000000a2800000, 0x00000000a2800000, 0x00000000a2900000|  0%| F|  |TAMS 0x00000000a2800000, 0x00000000a2800000| Untracked 
|   3|0x00000000a2900000, 0x00000000a2900000, 0x00000000a2a00000|  0%| F|  |TAMS 0x00000000a2900000, 0x00000000a2900000| Untracked 
|   4|0x00000000a2a00000, 0x00000000a2a00000, 0x00000000a2b00000|  0%| F|  |TAMS 0x00000000a2a00000, 0x00000000a2a00000| Untracked 
|   5|0x00000000a2b00000, 0x00000000a2b00000, 0x00000000a2c00000|  0%| F|  |TAMS 0x00000000a2b00000, 0x00000000a2b00000| Untracked 
|   6|0x00000000a2c00000, 0x00000000a2c00000, 0x00000000a2d00000|  0%| F|  |TAMS 0x00000000a2c00000, 0x00000000a2c00000| Untracked 
|   7|0x00000000a2d00000, 0x00000000a2d00000, 0x00000000a2e00000|  0%| F|  |TAMS 0x00000000a2d00000, 0x00000000a2d00000| Untracked 
|   8|0x00000000a2e00000, 0x00000000a2e00000, 0x00000000a2f00000|  0%| F|  |TAMS 0x00000000a2e00000, 0x00000000a2e00000| Untracked 
|   9|0x00000000a2f00000, 0x00000000a2f00000, 0x00000000a3000000|  0%| F|  |TAMS 0x00000000a2f00000, 0x00000000a2f00000| Untracked 
|  10|0x00000000a3000000, 0x00000000a3000000, 0x00000000a3100000|  0%| F|  |TAMS 0x00000000a3000000, 0x00000000a3000000| Untracked 
|  11|0x00000000a3100000, 0x00000000a3100000, 0x00000000a3200000|  0%| F|  |TAMS 0x00000000a3100000, 0x00000000a3100000| Untracked 
|  12|0x00000000a3200000, 0x00000000a3200000, 0x00000000a3300000|  0%| F|  |TAMS 0x00000000a3200000, 0x00000000a3200000| Untracked 
|  13|0x00000000a3300000, 0x00000000a3300000, 0x00000000a3400000|  0%| F|  |TAMS 0x00000000a3300000, 0x00000000a3300000| Untracked 
|  14|0x00000000a3400000, 0x00000000a3400000, 0x00000000a3500000|  0%| F|  |TAMS 0x00000000a3400000, 0x00000000a3400000| Untracked 
|  15|0x00000000a3500000, 0x00000000a3500000, 0x00000000a3600000|  0%| F|  |TAMS 0x00000000a3500000, 0x00000000a3500000| Untracked 
|  16|0x00000000a3600000, 0x00000000a3600000, 0x00000000a3700000|  0%| F|  |TAMS 0x00000000a3600000, 0x00000000a3600000| Untracked 
|  17|0x00000000a3700000, 0x00000000a3700000, 0x00000000a3800000|  0%| F|  |TAMS 0x00000000a3700000, 0x00000000a3700000| Untracked 
|  18|0x00000000a3800000, 0x00000000a3800000, 0x00000000a3900000|  0%| F|  |TAMS 0x00000000a3800000, 0x00000000a3800000| Untracked 
|  19|0x00000000a3900000, 0x00000000a3900000, 0x00000000a3a00000|  0%| F|  |TAMS 0x00000000a3900000, 0x00000000a3900000| Untracked 
|  20|0x00000000a3a00000, 0x00000000a3a00000, 0x00000000a3b00000|  0%| F|  |TAMS 0x00000000a3a00000, 0x00000000a3a00000| Untracked 
|  21|0x00000000a3b00000, 0x00000000a3b00000, 0x00000000a3c00000|  0%| F|  |TAMS 0x00000000a3b00000, 0x00000000a3b00000| Untracked 
|  22|0x00000000a3c00000, 0x00000000a3c00000, 0x00000000a3d00000|  0%| F|  |TAMS 0x00000000a3c00000, 0x00000000a3c00000| Untracked 
|  23|0x00000000a3d00000, 0x00000000a3d00000, 0x00000000a3e00000|  0%| F|  |TAMS 0x00000000a3d00000, 0x00000000a3d00000| Untracked 
|  24|0x00000000a3e00000, 0x00000000a3e00000, 0x00000000a3f00000|  0%| F|  |TAMS 0x00000000a3e00000, 0x00000000a3e00000| Untracked 
|  25|0x00000000a3f00000, 0x00000000a3f00000, 0x00000000a4000000|  0%| F|  |TAMS 0x00000000a3f00000, 0x00000000a3f00000| Untracked 
|  26|0x00000000a4000000, 0x00000000a4000000, 0x00000000a4100000|  0%| F|  |TAMS 0x00000000a4000000, 0x00000000a4000000| Untracked 
|  27|0x00000000a4100000, 0x00000000a4100000, 0x00000000a4200000|  0%| F|  |TAMS 0x00000000a4100000, 0x00000000a4100000| Untracked 
|  28|0x00000000a4200000, 0x00000000a4200000, 0x00000000a4300000|  0%| F|  |TAMS 0x00000000a4200000, 0x00000000a4200000| Untracked 
|  29|0x00000000a4300000, 0x00000000a4300000, 0x00000000a4400000|  0%| F|  |TAMS 0x00000000a4300000, 0x00000000a4300000| Untracked 
|  30|0x00000000a4400000, 0x00000000a4400000, 0x00000000a4500000|  0%| F|  |TAMS 0x00000000a4400000, 0x00000000a4400000| Untracked 
|  31|0x00000000a4500000, 0x00000000a4500000, 0x00000000a4600000|  0%| F|  |TAMS 0x00000000a4500000, 0x00000000a4500000| Untracked 
|  32|0x00000000a4600000, 0x00000000a4600000, 0x00000000a4700000|  0%| F|  |TAMS 0x00000000a4600000, 0x00000000a4600000| Untracked 
|  33|0x00000000a4700000, 0x00000000a4700000, 0x00000000a4800000|  0%| F|  |TAMS 0x00000000a4700000, 0x00000000a4700000| Untracked 
|  34|0x00000000a4800000, 0x00000000a4800000, 0x00000000a4900000|  0%| F|  |TAMS 0x00000000a4800000, 0x00000000a4800000| Untracked 
|  35|0x00000000a4900000, 0x00000000a4900000, 0x00000000a4a00000|  0%| F|  |TAMS 0x00000000a4900000, 0x00000000a4900000| Untracked 
|  36|0x00000000a4a00000, 0x00000000a4a00000, 0x00000000a4b00000|  0%| F|  |TAMS 0x00000000a4a00000, 0x00000000a4a00000| Untracked 
|  37|0x00000000a4b00000, 0x00000000a4b00000, 0x00000000a4c00000|  0%| F|  |TAMS 0x00000000a4b00000, 0x00000000a4b00000| Untracked 
|  38|0x00000000a4c00000, 0x00000000a4c00000, 0x00000000a4d00000|  0%| F|  |TAMS 0x00000000a4c00000, 0x00000000a4c00000| Untracked 
|  39|0x00000000a4d00000, 0x00000000a4d00000, 0x00000000a4e00000|  0%| F|  |TAMS 0x00000000a4d00000, 0x00000000a4d00000| Untracked 
|  40|0x00000000a4e00000, 0x00000000a4e00000, 0x00000000a4f00000|  0%| F|  |TAMS 0x00000000a4e00000, 0x00000000a4e00000| Untracked 
|  41|0x00000000a4f00000, 0x00000000a4f00000, 0x00000000a5000000|  0%| F|  |TAMS 0x00000000a4f00000, 0x00000000a4f00000| Untracked 
|  42|0x00000000a5000000, 0x00000000a5000000, 0x00000000a5100000|  0%| F|  |TAMS 0x00000000a5000000, 0x00000000a5000000| Untracked 
|  43|0x00000000a5100000, 0x00000000a5100000, 0x00000000a5200000|  0%| F|  |TAMS 0x00000000a5100000, 0x00000000a5100000| Untracked 
|  44|0x00000000a5200000, 0x00000000a5200000, 0x00000000a5300000|  0%| F|  |TAMS 0x00000000a5200000, 0x00000000a5200000| Untracked 
|  45|0x00000000a5300000, 0x00000000a5300000, 0x00000000a5400000|  0%| F|  |TAMS 0x00000000a5300000, 0x00000000a5300000| Untracked 
|  46|0x00000000a5400000, 0x00000000a5400000, 0x00000000a5500000|  0%| F|  |TAMS 0x00000000a5400000, 0x00000000a5400000| Untracked 
|  47|0x00000000a5500000, 0x00000000a5500000, 0x00000000a5600000|  0%| F|  |TAMS 0x00000000a5500000, 0x00000000a5500000| Untracked 
|  48|0x00000000a5600000, 0x00000000a5600000, 0x00000000a5700000|  0%| F|  |TAMS 0x00000000a5600000, 0x00000000a5600000| Untracked 
|  49|0x00000000a5700000, 0x00000000a5700000, 0x00000000a5800000|  0%| F|  |TAMS 0x00000000a5700000, 0x00000000a5700000| Untracked 
|  50|0x00000000a5800000, 0x00000000a5800000, 0x00000000a5900000|  0%| F|  |TAMS 0x00000000a5800000, 0x00000000a5800000| Untracked 
|  51|0x00000000a5900000, 0x00000000a5900000, 0x00000000a5a00000|  0%| F|  |TAMS 0x00000000a5900000, 0x00000000a5900000| Untracked 
|  52|0x00000000a5a00000, 0x00000000a5a00000, 0x00000000a5b00000|  0%| F|  |TAMS 0x00000000a5a00000, 0x00000000a5a00000| Untracked 
|  53|0x00000000a5b00000, 0x00000000a5b00000, 0x00000000a5c00000|  0%| F|  |TAMS 0x00000000a5b00000, 0x00000000a5b00000| Untracked 
|  54|0x00000000a5c00000, 0x00000000a5c00000, 0x00000000a5d00000|  0%| F|  |TAMS 0x00000000a5c00000, 0x00000000a5c00000| Untracked 
|  55|0x00000000a5d00000, 0x00000000a5d00000, 0x00000000a5e00000|  0%| F|  |TAMS 0x00000000a5d00000, 0x00000000a5d00000| Untracked 
|  56|0x00000000a5e00000, 0x00000000a5e00000, 0x00000000a5f00000|  0%| F|  |TAMS 0x00000000a5e00000, 0x00000000a5e00000| Untracked 
|  57|0x00000000a5f00000, 0x00000000a5f00000, 0x00000000a6000000|  0%| F|  |TAMS 0x00000000a5f00000, 0x00000000a5f00000| Untracked 
|  58|0x00000000a6000000, 0x00000000a6000000, 0x00000000a6100000|  0%| F|  |TAMS 0x00000000a6000000, 0x00000000a6000000| Untracked 
|  59|0x00000000a6100000, 0x00000000a6100000, 0x00000000a6200000|  0%| F|  |TAMS 0x00000000a6100000, 0x00000000a6100000| Untracked 
|  60|0x00000000a6200000, 0x00000000a6200000, 0x00000000a6300000|  0%| F|  |TAMS 0x00000000a6200000, 0x00000000a6200000| Untracked 
|  61|0x00000000a6300000, 0x00000000a6300000, 0x00000000a6400000|  0%| F|  |TAMS 0x00000000a6300000, 0x00000000a6300000| Untracked 
|  62|0x00000000a6400000, 0x00000000a6400000, 0x00000000a6500000|  0%| F|  |TAMS 0x00000000a6400000, 0x00000000a6400000| Untracked 
|  63|0x00000000a6500000, 0x00000000a6500000, 0x00000000a6600000|  0%| F|  |TAMS 0x00000000a6500000, 0x00000000a6500000| Untracked 
|  64|0x00000000a6600000, 0x00000000a6600000, 0x00000000a6700000|  0%| F|  |TAMS 0x00000000a6600000, 0x00000000a6600000| Untracked 
|  65|0x00000000a6700000, 0x00000000a6700000, 0x00000000a6800000|  0%| F|  |TAMS 0x00000000a6700000, 0x00000000a6700000| Untracked 
|  66|0x00000000a6800000, 0x00000000a6800000, 0x00000000a6900000|  0%| F|  |TAMS 0x00000000a6800000, 0x00000000a6800000| Untracked 
|  67|0x00000000a6900000, 0x00000000a6900000, 0x00000000a6a00000|  0%| F|  |TAMS 0x00000000a6900000, 0x00000000a6900000| Untracked 
|  68|0x00000000a6a00000, 0x00000000a6a00000, 0x00000000a6b00000|  0%| F|  |TAMS 0x00000000a6a00000, 0x00000000a6a00000| Untracked 
|  69|0x00000000a6b00000, 0x00000000a6b00000, 0x00000000a6c00000|  0%| F|  |TAMS 0x00000000a6b00000, 0x00000000a6b00000| Untracked 
|  70|0x00000000a6c00000, 0x00000000a6c00000, 0x00000000a6d00000|  0%| F|  |TAMS 0x00000000a6c00000, 0x00000000a6c00000| Untracked 
|  71|0x00000000a6d00000, 0x00000000a6d00000, 0x00000000a6e00000|  0%| F|  |TAMS 0x00000000a6d00000, 0x00000000a6d00000| Untracked 
|  72|0x00000000a6e00000, 0x00000000a6e00000, 0x00000000a6f00000|  0%| F|  |TAMS 0x00000000a6e00000, 0x00000000a6e00000| Untracked 
|  73|0x00000000a6f00000, 0x00000000a6f00000, 0x00000000a7000000|  0%| F|  |TAMS 0x00000000a6f00000, 0x00000000a6f00000| Untracked 
|  74|0x00000000a7000000, 0x00000000a7000000, 0x00000000a7100000|  0%| F|  |TAMS 0x00000000a7000000, 0x00000000a7000000| Untracked 
|  75|0x00000000a7100000, 0x00000000a7100000, 0x00000000a7200000|  0%| F|  |TAMS 0x00000000a7100000, 0x00000000a7100000| Untracked 
|  76|0x00000000a7200000, 0x00000000a7200000, 0x00000000a7300000|  0%| F|  |TAMS 0x00000000a7200000, 0x00000000a7200000| Untracked 
|  77|0x00000000a7300000, 0x00000000a7300000, 0x00000000a7400000|  0%| F|  |TAMS 0x00000000a7300000, 0x00000000a7300000| Untracked 
|  78|0x00000000a7400000, 0x00000000a7400000, 0x00000000a7500000|  0%| F|  |TAMS 0x00000000a7400000, 0x00000000a7400000| Untracked 
|  79|0x00000000a7500000, 0x00000000a7500000, 0x00000000a7600000|  0%| F|  |TAMS 0x00000000a7500000, 0x00000000a7500000| Untracked 
|  80|0x00000000a7600000, 0x00000000a7600000, 0x00000000a7700000|  0%| F|  |TAMS 0x00000000a7600000, 0x00000000a7600000| Untracked 
|  81|0x00000000a7700000, 0x00000000a7700000, 0x00000000a7800000|  0%| F|  |TAMS 0x00000000a7700000, 0x00000000a7700000| Untracked 
|  82|0x00000000a7800000, 0x00000000a7800000, 0x00000000a7900000|  0%| F|  |TAMS 0x00000000a7800000, 0x00000000a7800000| Untracked 
|  83|0x00000000a7900000, 0x00000000a7900000, 0x00000000a7a00000|  0%| F|  |TAMS 0x00000000a7900000, 0x00000000a7900000| Untracked 
|  84|0x00000000a7a00000, 0x00000000a7a00000, 0x00000000a7b00000|  0%| F|  |TAMS 0x00000000a7a00000, 0x00000000a7a00000| Untracked 
|  85|0x00000000a7b00000, 0x00000000a7b00000, 0x00000000a7c00000|  0%| F|  |TAMS 0x00000000a7b00000, 0x00000000a7b00000| Untracked 
|  86|0x00000000a7c00000, 0x00000000a7c00000, 0x00000000a7d00000|  0%| F|  |TAMS 0x00000000a7c00000, 0x00000000a7c00000| Untracked 
|  87|0x00000000a7d00000, 0x00000000a7e00000, 0x00000000a7e00000|100%| S|CS|TAMS 0x00000000a7d00000, 0x00000000a7d00000| Complete 
|  88|0x00000000a7e00000, 0x00000000a7e00000, 0x00000000a7f00000|  0%| F|  |TAMS 0x00000000a7e00000, 0x00000000a7e00000| Untracked 
|  89|0x00000000a7f00000, 0x00000000a7f00000, 0x00000000a8000000|  0%| F|  |TAMS 0x00000000a7f00000, 0x00000000a7f00000| Untracked 
|  90|0x00000000a8000000, 0x00000000a8000000, 0x00000000a8100000|  0%| F|  |TAMS 0x00000000a8000000, 0x00000000a8000000| Untracked 
|  91|0x00000000a8100000, 0x00000000a8100000, 0x00000000a8200000|  0%| F|  |TAMS 0x00000000a8100000, 0x00000000a8100000| Untracked 
|  92|0x00000000a8200000, 0x00000000a8200000, 0x00000000a8300000|  0%| F|  |TAMS 0x00000000a8200000, 0x00000000a8200000| Untracked 
|  93|0x00000000a8300000, 0x00000000a83ae8a0, 0x00000000a8400000| 68%| E|  |TAMS 0x00000000a8300000, 0x00000000a8300000| Complete 

Card table byte_map: [0x0000025f1e3b0000,0x0000025f1e6a0000] _byte_map_base: 0x0000025f1de9d000

Marking Bits (Prev, Next): (CMBitMap*) 0x0000025f07b3fe10, (CMBitMap*) 0x0000025f07b3fe50
 Prev Bits: [0x0000025f1e990000, 0x0000025f200f8000)
 Next Bits: [0x0000025f20100000, 0x0000025f21868000)

Polling page: 0x0000025f05960000

Metaspace:

Usage:
  Non-class:      2.78 MB used.
      Class:    329.54 KB used.
       Both:      3.11 MB used.

Virtual space:
  Non-class space:       64.00 MB reserved,       2.81 MB (  4%) committed,  1 nodes.
      Class space:        1.00 GB reserved,     384.00 KB ( <1%) committed,  1 nodes.
             Both:        1.06 GB reserved,       3.19 MB ( <1%) committed. 

Chunk freelists:
   Non-Class:  11.48 MB
       Class:  15.66 MB
        Both:  27.15 MB

MaxMetaspaceSize: unlimited
CompressedClassSpaceSize: 1.00 GB
Initial GC threshold: 21.00 MB
Current GC threshold: 21.00 MB
CDS: on
MetaspaceReclaimPolicy: balanced
 - commit_granule_bytes: 65536.
 - commit_granule_words: 8192.
 - virtual_space_node_default_size: 8388608.
 - enlarge_chunks_in_place: 1.
 - new_chunks_are_fully_committed: 0.
 - uncommit_free_chunks: 1.
 - use_allocation_guard: 0.
 - handle_deallocations: 1.


Internal statistics:

num_allocs_failed_limit: 0.
num_arena_births: 10.
num_arena_deaths: 0.
num_vsnodes_births: 2.
num_vsnodes_deaths: 0.
num_space_committed: 51.
num_space_uncommitted: 0.
num_chunks_returned_to_freelist: 0.
num_chunks_taken_from_freelist: 37.
num_chunk_merges: 0.
num_chunk_splits: 28.
num_chunks_enlarged: 23.
num_inconsistent_stats: 0.

CodeHeap 'non-profiled nmethods': size=120064Kb used=153Kb max_used=153Kb free=119910Kb
 bounds [0x0000025f16e70000, 0x0000025f170e0000, 0x0000025f1e3b0000]
CodeHeap 'profiled nmethods': size=120000Kb used=777Kb max_used=777Kb free=119222Kb
 bounds [0x0000025f0f3b0000, 0x0000025f0f620000, 0x0000025f168e0000]
CodeHeap 'non-nmethods': size=5696Kb used=1132Kb max_used=1153Kb free=4564Kb
 bounds [0x0000025f168e0000, 0x0000025f16b50000, 0x0000025f16e70000]
 total_blobs=869 nmethods=449 adapters=334
 compilation: enabled
              stopped_count=0, restarted_count=0
 full_count=0

Compilation events (20 events):
Event: 2.822 Thread 0x0000025f23b1a5a0  442   !   3       jdk.internal.loader.URLClassPath$JarLoader::ensureOpen (36 bytes)
Event: 2.823 Thread 0x0000025f23b1a5a0 nmethod 442 0x0000025f0f46cf10 code [0x0000025f0f46d0e0, 0x0000025f0f46d518]
Event: 2.823 Thread 0x0000025f23b1a5a0  444       3       java.util.jar.JarFile::getJarEntry (9 bytes)
Event: 2.823 Thread 0x0000025f23b1a5a0 nmethod 444 0x0000025f0f46d690 code [0x0000025f0f46d840, 0x0000025f0f46db08]
Event: 2.823 Thread 0x0000025f23b1a5a0  443   !   3       java.util.zip.ZipFile::getEntry (59 bytes)
Event: 2.824 Thread 0x0000025f23b1a5a0 nmethod 443 0x0000025f0f46dc10 code [0x0000025f0f46de00, 0x0000025f0f46e278]
Event: 2.824 Thread 0x0000025f23b1a5a0  445       3       java.util.jar.JarFile::getEntry (35 bytes)
Event: 2.824 Thread 0x0000025f23b1a5a0 nmethod 445 0x0000025f0f46e510 code [0x0000025f0f46e700, 0x0000025f0f46eb98]
Event: 2.824 Thread 0x0000025f23b1a5a0  446   !   3       jdk.internal.loader.URLClassPath$JarLoader::getResource (65 bytes)
Event: 2.825 Thread 0x0000025f23b1a5a0 nmethod 446 0x0000025f0f46ed10 code [0x0000025f0f46ef60, 0x0000025f0f46f9e8]
Event: 2.847 Thread 0x0000025f23b1a5a0  447   !   3       java.util.jar.JarFile::checkForSpecialAttributes (163 bytes)
Event: 2.848 Thread 0x0000025f23b1a5a0 nmethod 447 0x0000025f0f46fd90 code [0x0000025f0f4700c0, 0x0000025f0f471378]
Event: 2.848 Thread 0x0000025f23b1a5a0  448       3       java.lang.StringConcatHelper::initialCoder (14 bytes)
Event: 2.849 Thread 0x0000025f23b1a5a0 nmethod 448 0x0000025f0f471b90 code [0x0000025f0f471d20, 0x0000025f0f471e38]
Event: 2.849 Thread 0x0000025f23b1a5a0  449       3       java.io.RandomAccessFile::seek (22 bytes)
Event: 2.849 Thread 0x0000025f23b1a5a0 nmethod 449 0x0000025f0f471e90 code [0x0000025f0f472040, 0x0000025f0f472298]
Event: 2.850 Thread 0x0000025f23b1a5a0  450       3       java.util.ArrayDeque::inc (12 bytes)
Event: 2.850 Thread 0x0000025f23b1a5a0 nmethod 450 0x0000025f0f472390 code [0x0000025f0f472520, 0x0000025f0f472658]
Event: 2.851 Thread 0x0000025f23b1a5a0  451       1       java.net.URL::getRef (5 bytes)
Event: 2.851 Thread 0x0000025f23b1a5a0 nmethod 451 0x0000025f16e96490 code [0x0000025f16e96620, 0x0000025f16e966f8]

GC Heap History (2 events):
Event: 2.684 GC heap before
{Heap before GC invocations=0 (full 0):
 garbage-first heap   total 96256K, used 6144K [0x00000000a2600000, 0x0000000100000000)
  region size 1024K, 6 young (6144K), 0 survivors (0K)
 Metaspace       used 2905K, committed 3072K, reserved 1114112K
  class space    used 301K, committed 384K, reserved 1048576K
}
Event: 2.783 GC heap after
{Heap after GC invocations=1 (full 0):
 garbage-first heap   total 96256K, used 2910K [0x00000000a2600000, 0x0000000100000000)
  region size 1024K, 1 young (1024K), 1 survivors (1024K)
 Metaspace       used 2905K, committed 3072K, reserved 1114112K
  class space    used 301K, committed 384K, reserved 1048576K
}

Deoptimization events (16 events):
Event: 1.575 Thread 0x0000025f07af50e0 DEOPT PACKING pc=0x0000025f0f3d1e8c sp=0x000000f9d9afc260
Event: 1.575 Thread 0x0000025f07af50e0 DEOPT UNPACKING pc=0x0000025f16932b24 sp=0x000000f9d9afb6e8 mode 0
Event: 1.579 Thread 0x0000025f07af50e0 DEOPT PACKING pc=0x0000025f0f3c7456 sp=0x000000f9d9afc3b0
Event: 1.579 Thread 0x0000025f07af50e0 DEOPT UNPACKING pc=0x0000025f16932b24 sp=0x000000f9d9afb838 mode 0
Event: 1.616 Thread 0x0000025f07af50e0 DEOPT PACKING pc=0x0000025f0f3e6e80 sp=0x000000f9d9afc4e0
Event: 1.616 Thread 0x0000025f07af50e0 DEOPT UNPACKING pc=0x0000025f16932b24 sp=0x000000f9d9afb950 mode 0
Event: 1.616 Thread 0x0000025f07af50e0 DEOPT PACKING pc=0x0000025f0f3e6e80 sp=0x000000f9d9afc4e0
Event: 1.616 Thread 0x0000025f07af50e0 DEOPT UNPACKING pc=0x0000025f16932b24 sp=0x000000f9d9afb950 mode 0
Event: 1.616 Thread 0x0000025f07af50e0 DEOPT PACKING pc=0x0000025f0f3e6e80 sp=0x000000f9d9afc4e0
Event: 1.616 Thread 0x0000025f07af50e0 DEOPT UNPACKING pc=0x0000025f16932b24 sp=0x000000f9d9afb950 mode 0
Event: 2.789 Thread 0x0000025f07af50e0 DEOPT PACKING pc=0x0000025f0f3f0de7 sp=0x000000f9d9afe8d0
Event: 2.789 Thread 0x0000025f07af50e0 DEOPT UNPACKING pc=0x0000025f16932b24 sp=0x000000f9d9afdcf0 mode 0
Event: 2.810 Thread 0x0000025f07af50e0 Uncommon trap: trap_request=0xffffff45 fr.pc=0x0000025f16e87d00 relative=0x0000000000002ea0
Event: 2.810 Thread 0x0000025f07af50e0 Uncommon trap: reason=unstable_if action=reinterpret pc=0x0000025f16e87d00 method=java.util.ImmutableCollections$MapN.probe(Ljava/lang/Object;)I @ 52 c2
Event: 2.810 Thread 0x0000025f07af50e0 DEOPT PACKING pc=0x0000025f16e87d00 sp=0x000000f9d9afe0e0
Event: 2.810 Thread 0x0000025f07af50e0 DEOPT UNPACKING pc=0x0000025f1693239d sp=0x000000f9d9afdf20 mode 2

Classes unloaded (0 events):
No events

Classes redefined (0 events):
No events

Internal exceptions (2 events):
Event: 2.674 Thread 0x0000025f07af50e0 Exception <a 'java/lang/NoSuchMethodError'{0x00000000a7eef378}: 'void java.lang.invoke.DirectMethodHandle$Holder.invokeVirtual(java.lang.Object, java.lang.Object)'> (0x00000000a7eef378) 
thrown [s\open\src\hotspot\share\interpreter\linkResolver.cpp, line 759]
Event: 2.800 Thread 0x0000025f07af50e0 Exception <a 'java/lang/NoSuchMethodError'{0x00000000a831ac38}: 'void java.lang.invoke.DirectMethodHandle$Holder.invokeStatic(java.lang.Object, java.lang.Object, java.lang.Object)'> (0x00000000a831ac38) 
thrown [s\open\src\hotspot\share\interpreter\linkResolver.cpp, line 759]

VM Operations (10 events):
Event: 1.606 Executing VM operation: Cleanup
Event: 1.607 Executing VM operation: Cleanup done
Event: 1.736 Executing VM operation: HandshakeAllThreads
Event: 1.736 Executing VM operation: HandshakeAllThreads done
Event: 2.683 Executing VM operation: G1CollectForAllocation
Event: 2.783 Executing VM operation: G1CollectForAllocation done
Event: 2.808 Executing VM operation: HandshakeAllThreads
Event: 2.808 Executing VM operation: HandshakeAllThreads done
Event: 2.822 Executing VM operation: HandshakeAllThreads
Event: 2.822 Executing VM operation: HandshakeAllThreads done

Events (20 events):
Event: 2.807 loading class sun/net/www/protocol/jar/URLJarFile$URLJarFileCloseController done
Event: 2.807 loading class sun/net/www/protocol/jar/JarFileFactory done
Event: 2.807 loading class sun/net/www/protocol/file/FileURLConnection
Event: 2.808 loading class sun/net/www/URLConnection
Event: 2.808 loading class sun/net/www/URLConnection done
Event: 2.808 loading class sun/net/www/protocol/file/FileURLConnection done
Event: 2.808 loading class sun/net/www/MessageHeader
Event: 2.808 loading class sun/net/www/MessageHeader done
Event: 2.808 loading class sun/net/www/protocol/jar/URLJarFile
Event: 2.808 loading class sun/net/www/protocol/jar/URLJarFile done
Event: 2.809 loading class sun/net/www/protocol/jar/URLJarFile$URLJarFileEntry
Event: 2.809 loading class sun/net/www/protocol/jar/URLJarFile$URLJarFileEntry done
Event: 2.810 loading class sun/net/www/protocol/jar/JarURLConnection$JarURLInputStream
Event: 2.810 loading class sun/net/www/protocol/jar/JarURLConnection$JarURLInputStream done
Event: 2.822 loading class java/io/EOFException
Event: 2.822 loading class java/io/EOFException done
Event: 2.822 loading class java/lang/IllegalStateException
Event: 2.822 loading class java/lang/IllegalStateException done
Event: 2.822 loading class java/lang/AssertionError
Event: 2.822 loading class java/lang/AssertionError done


Dynamic libraries:
0x00007ff73ee60000 - 0x00007ff73ee70000 	C:\Program Files\Java\jdk-17\bin\java.exe
0x00007ffc451f0000 - 0x00007ffc453e8000 	C:\Windows\SYSTEM32\ntdll.dll
0x00007ffc44ba0000 - 0x00007ffc44c5d000 	C:\Windows\System32\KERNEL32.DLL
0x00007ffc42f20000 - 0x00007ffc43216000 	C:\Windows\System32\KERNELBASE.dll
0x00007ffc42db0000 - 0x00007ffc42eb0000 	C:\Windows\System32\ucrtbase.dll
0x00007ffc3e280000 - 0x00007ffc3e299000 	C:\Program Files\Java\jdk-17\bin\jli.dll
0x00007ffc44360000 - 0x00007ffc44410000 	C:\Windows\System32\ADVAPI32.dll
0x00007ffc43870000 - 0x00007ffc4390e000 	C:\Windows\System32\msvcrt.dll
0x00007ffc43380000 - 0x00007ffc43420000 	C:\Windows\System32\sechost.dll
0x00007ffc44410000 - 0x00007ffc44533000 	C:\Windows\System32\RPCRT4.dll
0x00007ffc42d80000 - 0x00007ffc42da7000 	C:\Windows\System32\bcrypt.dll
0x00007ffc436d0000 - 0x00007ffc4386f000 	C:\Windows\System32\USER32.dll
0x00007ffc42ae0000 - 0x00007ffc42b02000 	C:\Windows\System32\win32u.dll
0x00007ffc43510000 - 0x00007ffc4353b000 	C:\Windows\System32\GDI32.dll
0x00007ffc42c60000 - 0x00007ffc42d77000 	C:\Windows\System32\gdi32full.dll
0x00007ffc42bc0000 - 0x00007ffc42c5d000 	C:\Windows\System32\msvcp_win.dll
0x00007ffc3cec0000 - 0x00007ffc3cedb000 	C:\Program Files\Java\jdk-17\bin\VCRUNTIME140.dll
0x00007ffc32640000 - 0x00007ffc328da000 	C:\Windows\WinSxS\amd64_microsoft.windows.common-controls_6595b64144ccf1df_6.0.19041.4355_none_60b8b9eb71f62e16\COMCTL32.dll
0x00007ffc31790000 - 0x00007ffc3179a000 	C:\Windows\SYSTEM32\VERSION.dll
0x00007ffc44310000 - 0x00007ffc44342000 	C:\Windows\System32\IMM32.DLL
0x00007ffc3f1b0000 - 0x00007ffc3f1bc000 	C:\Program Files\Java\jdk-17\bin\vcruntime140_1.dll
0x00007ffc1fd00000 - 0x00007ffc1fd8e000 	C:\Program Files\Java\jdk-17\bin\msvcp140.dll
0x00007ffbf9410000 - 0x00007ffbf9fef000 	C:\Program Files\Java\jdk-17\bin\server\jvm.dll
0x00007ffc44350000 - 0x00007ffc44358000 	C:\Windows\System32\PSAPI.DLL
0x00007ffc3e350000 - 0x00007ffc3e359000 	C:\Windows\SYSTEM32\WSOCK32.dll
0x00007ffc43310000 - 0x00007ffc4337b000 	C:\Windows\System32\WS2_32.dll
0x00007ffc303d0000 - 0x00007ffc303f7000 	C:\Windows\SYSTEM32\WINMM.dll
0x00007ffc40720000 - 0x00007ffc40732000 	C:\Windows\SYSTEM32\kernel.appcore.dll
0x00007ffc3b5b0000 - 0x00007ffc3b5ba000 	C:\Program Files\Java\jdk-17\bin\jimage.dll
0x00007ffc2cf20000 - 0x00007ffc2d104000 	C:\Windows\SYSTEM32\DBGHELP.DLL
0x00007ffc34d20000 - 0x00007ffc34d54000 	C:\Windows\SYSTEM32\dbgcore.DLL
0x00007ffc42a50000 - 0x00007ffc42ad2000 	C:\Windows\System32\bcryptPrimitives.dll
0x00007ffc28fa0000 - 0x00007ffc28fc5000 	C:\Program Files\Java\jdk-17\bin\java.dll
0x00007ffc1ec10000 - 0x00007ffc1ece7000 	C:\Program Files\Java\jdk-17\bin\jsvml.dll
0x00007ffc43990000 - 0x00007ffc440fb000 	C:\Windows\System32\SHELL32.dll
0x00007ffc40920000 - 0x00007ffc410bd000 	C:\Windows\SYSTEM32\windows.storage.dll
0x00007ffc44da0000 - 0x00007ffc450f3000 	C:\Windows\System32\combase.dll
0x00007ffc421f0000 - 0x00007ffc4221e000 	C:\Windows\SYSTEM32\Wldp.dll
0x00007ffc435f0000 - 0x00007ffc436bd000 	C:\Windows\System32\OLEAUT32.dll
0x00007ffc45100000 - 0x00007ffc451ad000 	C:\Windows\System32\SHCORE.dll
0x00007ffc44ae0000 - 0x00007ffc44b35000 	C:\Windows\System32\shlwapi.dll
0x00007ffc427d0000 - 0x00007ffc427f4000 	C:\Windows\SYSTEM32\profapi.dll
0x00007ffc39470000 - 0x00007ffc39489000 	C:\Program Files\Java\jdk-17\bin\net.dll
0x00007ffc39ba0000 - 0x00007ffc39caa000 	C:\Windows\SYSTEM32\WINHTTP.dll
0x00007ffc41f50000 - 0x00007ffc41fba000 	C:\Windows\system32\mswsock.dll
0x00007ffc35b30000 - 0x00007ffc35b46000 	C:\Program Files\Java\jdk-17\bin\nio.dll
0x00007ffc2e770000 - 0x00007ffc2e788000 	C:\Program Files\Java\jdk-17\bin\zip.dll

dbghelp: loaded successfully - version: 4.0.5 - missing functions: none
symbol engine: initialized successfully - sym options: 0x614 - pdb path: .;C:\Program Files\Java\jdk-17\bin;C:\Windows\SYSTEM32;C:\Windows\WinSxS\amd64_microsoft.windows.common-controls_6595b64144ccf1df_6.0.19041.4355_none_60b8b9eb71f62e16;C:\Program Files\Java\jdk-17\bin\server

VM Arguments:
jvm_args: -Dfile.encoding=utf8 
java_command: c:\Users\kalep\.vscode\extensions\vscjava.vscode-gradle-3.13.5\lib\gradle-language-server.jar
java_class_path (initial): c:\Users\kalep\.vscode\extensions\vscjava.vscode-gradle-3.13.5\lib\gradle-language-server.jar
Launcher Type: SUN_STANDARD

[Global flags]
     intx CICompilerCount                          = 2                                         {product} {ergonomic}
     uint ConcGCThreads                            = 1                                         {product} {ergonomic}
     uint G1ConcRefinementThreads                  = 2                                         {product} {ergonomic}
   size_t G1HeapRegionSize                         = 1048576                                   {product} {ergonomic}
    uintx GCDrainStackTargetSize                   = 64                                        {product} {ergonomic}
   size_t InitialHeapSize                          = 98566144                                  {product} {ergonomic}
   size_t MarkStackSize                            = 4194304                                   {product} {ergonomic}
   size_t MaxHeapSize                              = 1570766848                                {product} {ergonomic}
   size_t MaxNewSize                               = 941621248                                 {product} {ergonomic}
   size_t MinHeapDeltaBytes                        = 1048576                                   {product} {ergonomic}
   size_t MinHeapSize                              = 8388608                                   {product} {ergonomic}
    uintx NonNMethodCodeHeapSize                   = 5826188                                {pd product} {ergonomic}
    uintx NonProfiledCodeHeapSize                  = 122916026                              {pd product} {ergonomic}
    uintx ProfiledCodeHeapSize                     = 122916026                              {pd product} {ergonomic}
    uintx ReservedCodeCacheSize                    = 251658240                              {pd product} {ergonomic}
     bool SegmentedCodeCache                       = true                                      {product} {ergonomic}
   size_t SoftMaxHeapSize                          = 1570766848                             {manageable} {ergonomic}
     bool UseCompressedClassPointers               = true                           {product lp64_product} {ergonomic}
     bool UseCompressedOops                        = true                           {product lp64_product} {ergonomic}
     bool UseG1GC                                  = true                                      {product} {ergonomic}
     bool UseLargePagesIndividualAllocation        = false                                  {pd product} {ergonomic}

Logging:
Log output configuration:
 #0: stdout all=warning uptime,level,tags
 #1: stderr all=off uptime,level,tags

Environment Variables:
PATH=C:\Program Files\Common Files\Oracle\Java\javapath;C:\Program Files (x86)\dotnet\;C:\Program Files\dotnet\;C:\ProgramData\chocolatey\bin;C:\Windows\System32;C:\Program Files\Git\cmd;C:\Program Files\Tesseract-OCR;C:\Program Files\MySQL\MySQL Shell 8.0\bin\;C:\Users\kalep\AppData\Local\Programs\Microsoft VS Code\bin;C:\Program Files\JetBrains\PyCharm Community Edition 2021.3\bin;C:\Program Files (x86)\MongoDB Atlas CLI\;P:\Prashant\Softwares\Flutter Framework\flutter\bin;C:\Users\kalep\AppData\Roaming\nvm;C:\Program Files\nodejs;C:\Users\kalep\AppData\Local\Programs\Python\Python39;C:\Users\kalep\AppData\Local\Programs\Python\Python39\Scripts;"C:\Users\kalep\AppData\Roaming\npm\node_modules;";"C:\Program Files\Java\jdk-17\bin;";"C:\Users\kalep\AppData\Local\Android\Sdk\cmdline-tools\bin;";"C:\Users\kalep\AppData\Local\Android\Sdk\platform-tools;";"C:\Users\kalep\AppData\Local\Android\Sdk\tools;";"C:\Users\kalep\AppData\Local\Android\Sdk\tools\bin;";C:\Users\kalep\AppData\Local\Programs\Microsoft VS Code\bin;C:\Program Files\JetBrains\PyCharm Community Edition 2021.3\bin;;C:\Program Files (x86)\MongoDB Atlas CLI\;P:\Prashant\Softwares\Flutter Framework\flutter\bin;C:\Program Files (x86)\Nmap;C:\Users\kalep\AppData\Roaming\npm;C:\Users\kalep\AppData\Roaming\nvm;C:\Program Files\nodejs;C:\Users\kalep\AppData\Local\Programs\Python\Python39;C:\Users\kalep\AppData\Local\Programs\Python\Python39\Scripts;C:\Program Files\Java\jdk-17\bin;
USERNAME=kalep
OS=Windows_NT
PROCESSOR_IDENTIFIER=Intel64 Family 6 Model 42 Stepping 7, GenuineIntel



---------------  S Y S T E M  ---------------

OS:
 Windows 10 , 64 bit Build 19041 (10.0.19041.3636)
OS uptime: 0 days 20:00 hours

CPU: total 2 (initial active 2) (2 cores per cpu, 1 threads per core) family 6 model 42 stepping 7 microcode 0x2f, cx8, cmov, fxsr, mmx, sse, sse2, sse3, ssse3, sse4.1, sse4.2, popcnt, tsc, tscinvbit, clmul, clflush

Memory: 4k page, system-wide physical 5989M (511M free)
TotalPageFile size 5989M (AvailPageFile size 82M)
current process WorkingSet (physical memory assigned to process): 54M, peak: 54M
current process commit charge ("private bytes"): 174M, peak: 175M

vm_info: Java HotSpot(TM) 64-Bit Server VM (17.0.10+11-LTS-240) for windows-amd64 JRE (17.0.10+11-LTS-240), built on Dec 19 2023 21:47:25 by "mach5one" with MS VC++ 17.1 (VS2022)

END.
