#
# There is insufficient memory for the Java Runtime Environment to continue.
# Native memory allocation (mmap) failed to map 98566144 bytes for G1 virtual space
# Possible reasons:
#   The system is out of physical RAM or swap space
#   The process is running with CompressedOops enabled, and the Java Heap may be blocking the growth of the native heap
# Possible solutions:
#   Reduce memory load on the system
#   Increase physical memory or swap space
#   Check if swap backing store is full
#   Decrease Java heap size (-Xmx/-Xms)
#   Decrease number of Java threads
#   Decrease Java thread stack sizes (-Xss)
#   Set larger code cache with -XX:ReservedCodeCacheSize=
#   JVM is running with Unscaled Compressed Oops mode in which the Java heap is
#     placed in the first 4GB address space. The Java Heap base address is the
#     maximum limit for the native heap growth. Please use -XX:HeapBaseMinAddress
#     to set the Java Heap base and to place the Java Heap above 4GB virtual address.
# This output file may be truncated or incomplete.
#
#  Out of Memory Error (os_windows.cpp:3548), pid=6792, tid=7324
#
# JRE version:  (17.0.10+11) (build )
# Java VM: Java HotSpot(TM) 64-Bit Server VM (17.0.10+11-LTS-240, mixed mode, sharing, tiered, compressed oops, compressed class ptrs, g1 gc, windows-amd64)
# No core dump will be written. Minidumps are not enabled by default on client versions of Windows
#

---------------  S U M M A R Y ------------

Command Line: -Dfile.encoding=utf8 c:\Users\kalep\.vscode\extensions\vscjava.vscode-gradle-3.13.5\lib\gradle-language-server.jar

Host: Intel(R) Pentium(R) CPU B960 @ 2.20GHz, 2 cores, 5G,  Windows 10 , 64 bit Build 19041 (10.0.19041.3636)
Time: Sun Jun 23 22:47:59 2024 India Standard Time elapsed time: 0.250915 seconds (0d 0h 0m 0s)

---------------  T H R E A D  ---------------

Current thread (0x00000134278d2c30):  JavaThread "Unknown thread" [_thread_in_vm, id=7324, stack(0x00000002d9300000,0x00000002d9400000)]

Stack: [0x00000002d9300000,0x00000002d9400000]
Native frames: (J=compiled Java code, j=interpreted, Vv=VM code, C=native code)
V  [jvm.dll+0x677a5a]
V  [jvm.dll+0x7d8b2d]
V  [jvm.dll+0x7da48e]
V  [jvm.dll+0x7daaf3]
V  [jvm.dll+0x2455ff]
V  [jvm.dll+0x6749b9]
V  [jvm.dll+0x669382]
V  [jvm.dll+0x302e96]
V  [jvm.dll+0x30a416]
V  [jvm.dll+0x359cbe]
V  [jvm.dll+0x359eef]
V  [jvm.dll+0x2d9e88]
V  [jvm.dll+0x2dadf4]
V  [jvm.dll+0x7aa551]
V  [jvm.dll+0x367911]
V  [jvm.dll+0x789639]
V  [jvm.dll+0x3eb30f]
V  [jvm.dll+0x3ecd91]
C  [jli.dll+0x5297]
C  [ucrtbase.dll+0x21bb2]
C  [KERNEL32.DLL+0x17344]
C  [ntdll.dll+0x4cc91]


---------------  P R O C E S S  ---------------

Threads class SMR info:
_java_thread_list=0x00007ffb1d6d6a18, length=0, elements={
}

Java Threads: ( => current thread )

Other Threads:
  0x000001342791edb0 GCTaskThread "GC Thread#0" [stack: 0x00000002d9500000,0x00000002d9600000] [id=8196]
  0x000001342792b840 ConcurrentGCThread "G1 Main Marker" [stack: 0x00000002d9600000,0x00000002d9700000] [id=8024]
  0x000001342792c250 ConcurrentGCThread "G1 Conc#0" [stack: 0x00000002d9700000,0x00000002d9800000] [id=3308]

[error occurred during error reporting (printing all threads), id 0xc0000005, EXCEPTION_ACCESS_VIOLATION (0xc0000005) at pc=0x00007ffb1cf0aae7]

VM state: not at safepoint (not fully initialized)

VM Mutex/Monitor currently owned by a thread:  ([mutex/lock_event])
[0x00000134278cf260] Heap_lock - owner thread: 0x00000134278d2c30

Heap address: 0x00000000a2600000, size: 1498 MB, Compressed Oops mode: 32-bit

CDS archive(s) mapped at: [0x0000000000000000-0x0000000000000000-0x0000000000000000), size 0, SharedBaseAddress: 0x0000000800000000, ArchiveRelocationMode: 1.
Narrow klass base: 0x0000000000000000, Narrow klass shift: 0, Narrow klass range: 0x0

GC Precious Log:
<Empty>

Heap:
 garbage-first heap   total 0K, used 0K [0x00000000a2600000, 0x0000000100000000)
  region size 1024K, 0 young (0K), 0 survivors (0K)

[error occurred during error reporting (printing heap information), id 0xc0000005, EXCEPTION_ACCESS_VIOLATION (0xc0000005) at pc=0x00007ffb1d2f1249]

GC Heap History (0 events):
No events

Deoptimization events (0 events):
No events

Classes unloaded (0 events):
No events

Classes redefined (0 events):
No events

Internal exceptions (0 events):
No events

VM Operations (0 events):
No events

Events (1 events):
Event: 0.011 Loaded shared library C:\Program Files\Java\jdk-17\bin\java.dll


Dynamic libraries:
0x00007ff786400000 - 0x00007ff786410000 	C:\Program Files\Java\jdk-17\bin\java.exe
0x00007ffb47470000 - 0x00007ffb47668000 	C:\Windows\SYSTEM32\ntdll.dll
0x00007ffb454d0000 - 0x00007ffb4558d000 	C:\Windows\System32\KERNEL32.DLL
0x00007ffb450f0000 - 0x00007ffb453e6000 	C:\Windows\System32\KERNELBASE.dll
0x00007ffb44b30000 - 0x00007ffb44c30000 	C:\Windows\System32\ucrtbase.dll
0x00007ffb3f640000 - 0x00007ffb3f659000 	C:\Program Files\Java\jdk-17\bin\jli.dll
0x00007ffb45640000 - 0x00007ffb456f0000 	C:\Windows\System32\ADVAPI32.dll
0x00007ffb45770000 - 0x00007ffb4580e000 	C:\Windows\System32\msvcrt.dll
0x00007ffb47390000 - 0x00007ffb47430000 	C:\Windows\System32\sechost.dll
0x00007ffb45990000 - 0x00007ffb45ab3000 	C:\Windows\System32\RPCRT4.dll
0x00007ffb45480000 - 0x00007ffb454a7000 	C:\Windows\System32\bcrypt.dll
0x00007ffb45b40000 - 0x00007ffb45cdf000 	C:\Windows\System32\USER32.dll
0x00007ffb44fa0000 - 0x00007ffb44fc2000 	C:\Windows\System32\win32u.dll
0x00007ffb45db0000 - 0x00007ffb45ddb000 	C:\Windows\System32\GDI32.dll
0x00007ffb44fd0000 - 0x00007ffb450e7000 	C:\Windows\System32\gdi32full.dll
0x00007ffb44f00000 - 0x00007ffb44f9d000 	C:\Windows\System32\msvcp_win.dll
0x00007ffb3ccb0000 - 0x00007ffb3cccb000 	C:\Program Files\Java\jdk-17\bin\VCRUNTIME140.dll
0x00007ffb353d0000 - 0x00007ffb3566a000 	C:\Windows\WinSxS\amd64_microsoft.windows.common-controls_6595b64144ccf1df_6.0.19041.4355_none_60b8b9eb71f62e16\COMCTL32.dll
0x00007ffb41c30000 - 0x00007ffb41c3a000 	C:\Windows\SYSTEM32\VERSION.dll
0x00007ffb467c0000 - 0x00007ffb467ef000 	C:\Windows\System32\IMM32.DLL
0x00007ffb41b40000 - 0x00007ffb41b4c000 	C:\Program Files\Java\jdk-17\bin\vcruntime140_1.dll
0x00007ffb39670000 - 0x00007ffb396fe000 	C:\Program Files\Java\jdk-17\bin\msvcp140.dll
0x00007ffb1cc20000 - 0x00007ffb1d7ff000 	C:\Program Files\Java\jdk-17\bin\server\jvm.dll
0x00007ffb454c0000 - 0x00007ffb454c8000 	C:\Windows\System32\PSAPI.DLL
0x00007ffb41b20000 - 0x00007ffb41b29000 	C:\Windows\SYSTEM32\WSOCK32.dll
0x00007ffb45ad0000 - 0x00007ffb45b3b000 	C:\Windows\System32\WS2_32.dll
0x00007ffb306d0000 - 0x00007ffb306f7000 	C:\Windows\SYSTEM32\WINMM.dll
0x00007ffb429b0000 - 0x00007ffb429c2000 	C:\Windows\SYSTEM32\kernel.appcore.dll
0x00007ffb3d040000 - 0x00007ffb3d04a000 	C:\Program Files\Java\jdk-17\bin\jimage.dll
0x00007ffb33450000 - 0x00007ffb33634000 	C:\Windows\SYSTEM32\DBGHELP.DLL
0x00007ffb332c0000 - 0x00007ffb332f4000 	C:\Windows\SYSTEM32\dbgcore.DLL
0x00007ffb453f0000 - 0x00007ffb45472000 	C:\Windows\System32\bcryptPrimitives.dll
0x00007ffb3a510000 - 0x00007ffb3a535000 	C:\Program Files\Java\jdk-17\bin\java.dll

dbghelp: loaded successfully - version: 4.0.5 - missing functions: none
symbol engine: initialized successfully - sym options: 0x614 - pdb path: .;C:\Program Files\Java\jdk-17\bin;C:\Windows\SYSTEM32;C:\Windows\WinSxS\amd64_microsoft.windows.common-controls_6595b64144ccf1df_6.0.19041.4355_none_60b8b9eb71f62e16;C:\Program Files\Java\jdk-17\bin\server

VM Arguments:
jvm_args: -Dfile.encoding=utf8 
java_command: c:\Users\kalep\.vscode\extensions\vscjava.vscode-gradle-3.13.5\lib\gradle-language-server.jar
java_class_path (initial): c:\Users\kalep\.vscode\extensions\vscjava.vscode-gradle-3.13.5\lib\gradle-language-server.jar
Launcher Type: SUN_STANDARD

[Global flags]
     intx CICompilerCount                          = 2                                         {product} {ergonomic}
     uint ConcGCThreads                            = 1                                         {product} {ergonomic}
     uint G1ConcRefinementThreads                  = 2                                         {product} {ergonomic}
   size_t G1HeapRegionSize                         = 1048576                                   {product} {ergonomic}
    uintx GCDrainStackTargetSize                   = 64                                        {product} {ergonomic}
   size_t InitialHeapSize                          = 98566144                                  {product} {ergonomic}
   size_t MarkStackSize                            = 4194304                                   {product} {ergonomic}
   size_t MaxHeapSize                              = 1570766848                                {product} {ergonomic}
   size_t MinHeapDeltaBytes                        = 1048576                                   {product} {ergonomic}
   size_t MinHeapSize                              = 8388608                                   {product} {ergonomic}
    uintx NonNMethodCodeHeapSize                   = 5826188                                {pd product} {ergonomic}
    uintx NonProfiledCodeHeapSize                  = 122916026                              {pd product} {ergonomic}
    uintx ProfiledCodeHeapSize                     = 122916026                              {pd product} {ergonomic}
    uintx ReservedCodeCacheSize                    = 251658240                              {pd product} {ergonomic}
     bool SegmentedCodeCache                       = true                                      {product} {ergonomic}
   size_t SoftMaxHeapSize                          = 1570766848                             {manageable} {ergonomic}
     bool UseCompressedClassPointers               = true                           {product lp64_product} {ergonomic}
     bool UseCompressedOops                        = true                           {product lp64_product} {ergonomic}
     bool UseG1GC                                  = true                                      {product} {ergonomic}
     bool UseLargePagesIndividualAllocation        = false                                  {pd product} {ergonomic}

Logging:
Log output configuration:
 #0: stdout all=warning uptime,level,tags
 #1: stderr all=off uptime,level,tags

Environment Variables:
PATH=C:\Program Files\Common Files\Oracle\Java\javapath;C:\Program Files (x86)\dotnet\;C:\Program Files\dotnet\;C:\ProgramData\chocolatey\bin;C:\Windows\System32;C:\Program Files\Git\cmd;C:\Program Files\Tesseract-OCR;C:\Program Files\MySQL\MySQL Shell 8.0\bin\;C:\Users\kalep\AppData\Local\Programs\Microsoft VS Code\bin;C:\Program Files\JetBrains\PyCharm Community Edition 2021.3\bin;C:\Program Files (x86)\MongoDB Atlas CLI\;P:\Prashant\Softwares\Flutter Framework\flutter\bin;C:\Users\kalep\AppData\Roaming\nvm;C:\Program Files\nodejs;C:\Users\kalep\AppData\Local\Programs\Python\Python39;C:\Users\kalep\AppData\Local\Programs\Python\Python39\Scripts;"C:\Users\kalep\AppData\Roaming\npm\node_modules;";"C:\Program Files\Java\jdk-17\bin;";"C:\Users\kalep\AppData\Local\Android\Sdk\cmdline-tools\bin;";"C:\Users\kalep\AppData\Local\Android\Sdk\platform-tools;";"C:\Users\kalep\AppData\Local\Android\Sdk\tools;";"C:\Users\kalep\AppData\Local\Android\Sdk\tools\bin;";C:\Program Files (x86)\Nmap;C:\Users\kalep\AppData\Roaming\npm
USERNAME=kalep
OS=Windows_NT
PROCESSOR_IDENTIFIER=Intel64 Family 6 Model 42 Stepping 7, GenuineIntel



---------------  S Y S T E M  ---------------

OS:
 Windows 10 , 64 bit Build 19041 (10.0.19041.3636)
OS uptime: 4 days 2:05 hours

CPU: total 2 (initial active 2) (2 cores per cpu, 1 threads per core) family 6 model 42 stepping 7 microcode 0x2f, cx8, cmov, fxsr, mmx, sse, sse2, sse3, ssse3, sse4.1, sse4.2, popcnt, tsc, tscinvbit, clmul, clflush

Memory: 4k page, system-wide physical 5989M (650M free)
TotalPageFile size 5989M (AvailPageFile size 18M)
current process WorkingSet (physical memory assigned to process): 10M, peak: 10M
current process commit charge ("private bytes"): 47M, peak: 141M

vm_info: Java HotSpot(TM) 64-Bit Server VM (17.0.10+11-LTS-240) for windows-amd64 JRE (17.0.10+11-LTS-240), built on Dec 19 2023 21:47:25 by "mach5one" with MS VC++ 17.1 (VS2022)

END.
